This is pdfTeX, Version 3.14159265-2.6-1.40.20 (TeX Live 2019/Debian) (preloaded format=pdflatex 2021.11.9)  12 JUN 2022 15:40
entering extended mode
 \write18 enabled.
 file:line:error style messages enabled.
 %&-line parsing enabled.
**msmk.tex
(./msmk.tex
LaTeX2e <2020-02-02> patch level 2
L3 programming layer <2020-02-14> (/usr/share/texlive/texmf-dist/tex/latex/a0poster/a0poster.cls
Document Class: a0poster 2004/01/31 v1.22b a0poster class (GK, MW)
(/usr/share/texlive/texmf-dist/tex/latex/base/article.cls
Document Class: article 2019/12/20 v1.4l Standard LaTeX document class
(/usr/share/texlive/texmf-dist/tex/latex/base/size10.clo
File: size10.clo 2019/12/20 v1.4l Standard LaTeX file (size option)
)
\c@part=\count167
\c@section=\count168
\c@subsection=\count169
\c@subsubsection=\count170
\c@paragraph=\count171
\c@subparagraph=\count172
\c@figure=\count173
\c@table=\count174
\abovecaptionskip=\skip47
\belowcaptionskip=\skip48
\bibindent=\dimen134
)
\xkoord=\count175
\ykoord=\count176
\xscale=\count177
\yscale=\count178
\tausch=\dimen135
\Ausgabe=\write3
\openout3 = `a0header.ps'.

 (/usr/share/texlive/texmf-dist/tex/latex/a0poster/a0size.sty
File: a0size.sty 2004/01/31 v1.22b a0poster class (GK, MW)
LaTeX Font Info:    Redeclaring symbol font `largesymbols' on input line 229.
LaTeX Font Info:    Overwriting symbol font `largesymbols' in version `normal'
(Font)                  OMX/cmex/m/n --> OMX/cmex/m/n on input line 229.
LaTeX Font Info:    Overwriting symbol font `largesymbols' in version `bold'
(Font)                  OMX/cmex/m/n --> OMX/cmex/m/n on input line 229.
\big@size=\dimen136
)) (/usr/share/texlive/texmf-dist/tex/latex/tools/multicol.sty
Package: multicol 2019/12/09 v1.8y multicolumn formatting (FMi)
\c@tracingmulticols=\count179
\mult@box=\box45
\multicol@leftmargin=\dimen137
\c@unbalance=\count180
\c@collectmore=\count181
\doublecol@number=\count182
\multicoltolerance=\count183
\multicolpretolerance=\count184
\full@width=\dimen138
\page@free=\dimen139
\premulticols=\dimen140
\postmulticols=\dimen141
\multicolsep=\skip49
\multicolbaselineskip=\skip50
\partial@page=\box46
\last@line=\box47
\maxbalancingoverflow=\dimen142
\mult@rightbox=\box48
\mult@grightbox=\box49
\mult@gfirstbox=\box50
\mult@firstbox=\box51
\@tempa=\box52
\@tempa=\box53
\@tempa=\box54
\@tempa=\box55
\@tempa=\box56
\@tempa=\box57
\@tempa=\box58
\@tempa=\box59
\@tempa=\box60
\@tempa=\box61
\@tempa=\box62
\@tempa=\box63
\@tempa=\box64
\@tempa=\box65
\@tempa=\box66
\@tempa=\box67
\@tempa=\box68
\@tempa=\box69
\@tempa=\box70
\@tempa=\box71
\@tempa=\box72
\@tempa=\box73
\@tempa=\box74
\@tempa=\box75
\@tempa=\box76
\@tempa=\box77
\@tempa=\box78
\@tempa=\box79
\@tempa=\box80
\@tempa=\box81
\@tempa=\box82
\@tempa=\box83
\@tempa=\box84
\@tempa=\box85
\@tempa=\box86
\@tempa=\box87
\@tempa=\box88
\c@minrows=\count185
\c@columnbadness=\count186
\c@finalcolumnbadness=\count187
\last@try=\dimen143
\multicolovershoot=\dimen144
\multicolundershoot=\dimen145
\mult@nat@firstbox=\box89
\colbreak@box=\box90
\mc@col@check@num=\count188
) (/usr/share/texlive/texmf-dist/tex/latex/natbib/natbib.sty
Package: natbib 2010/09/13 8.31b (PWD, AO)
\bibhang=\skip51
\bibsep=\skip52
LaTeX Info: Redefining \cite on input line 694.
\c@NAT@ctr=\count189
) (/usr/share/texlive/texmf-dist/tex/latex/xcolor/xcolor.sty
Package: xcolor 2016/05/11 v2.12 LaTeX color extensions (UK)
 (/usr/share/texlive/texmf-dist/tex/latex/graphics-cfg/color.cfg
File: color.cfg 2016/01/02 v1.6 sample color configuration
)
Package xcolor Info: Driver file: pdftex.def on input line 225.
 (/usr/share/texlive/texmf-dist/tex/latex/graphics-def/pdftex.def
File: pdftex.def 2018/01/08 v1.0l Graphics/color driver for pdftex
)
Package xcolor Info: Model `cmy' substituted by `cmy0' on input line 1348.
Package xcolor Info: Model `hsb' substituted by `rgb' on input line 1352.
Package xcolor Info: Model `RGB' extended on input line 1364.
Package xcolor Info: Model `HTML' substituted by `rgb' on input line 1366.
Package xcolor Info: Model `Hsb' substituted by `hsb' on input line 1367.
Package xcolor Info: Model `tHsb' substituted by `hsb' on input line 1368.
Package xcolor Info: Model `HSB' substituted by `hsb' on input line 1369.
Package xcolor Info: Model `Gray' substituted by `gray' on input line 1370.
Package xcolor Info: Model `wave' substituted by `hsb' on input line 1371.
 (/usr/share/texlive/texmf-dist/tex/latex/xcolor/svgnam.def
File: svgnam.def 2016/05/11 v2.12 Predefined colors according to SVG 1.1 (UK)
)) (/usr/share/texlive/texmf-dist/tex/latex/psnfss/times.sty
Package: times 2005/04/12 PSNFSS-v9.2a (SPQR) 
) (/usr/share/texlive/texmf-dist/tex/latex/amsmath/amsmath.sty
Package: amsmath 2020/01/20 v2.17e AMS math features
\@mathmargin=\skip53

For additional information on amsmath, use the `?' option.
(/usr/share/texlive/texmf-dist/tex/latex/amsmath/amstext.sty
Package: amstext 2000/06/29 v2.01 AMS text
 (/usr/share/texlive/texmf-dist/tex/latex/amsmath/amsgen.sty
File: amsgen.sty 1999/11/30 v2.0 generic functions
\@emptytoks=\toks14
\ex@=\dimen146
)) (/usr/share/texlive/texmf-dist/tex/latex/amsmath/amsbsy.sty
Package: amsbsy 1999/11/29 v1.2d Bold Symbols
\pmbraise@=\dimen147
) (/usr/share/texlive/texmf-dist/tex/latex/amsmath/amsopn.sty
Package: amsopn 2016/03/08 v2.02 operator names
)
\inf@bad=\count190
LaTeX Info: Redefining \frac on input line 227.
\uproot@=\count191
\leftroot@=\count192
LaTeX Info: Redefining \overline on input line 389.
\classnum@=\count193
\DOTSCASE@=\count194
LaTeX Info: Redefining \ldots on input line 486.
LaTeX Info: Redefining \dots on input line 489.
LaTeX Info: Redefining \cdots on input line 610.
\Mathstrutbox@=\box91
\strutbox@=\box92
\big@size=\dimen148
LaTeX Font Info:    Redeclaring font encoding OML on input line 733.
LaTeX Font Info:    Redeclaring font encoding OMS on input line 734.
\macc@depth=\count195
\c@MaxMatrixCols=\count196
\dotsspace@=\muskip16
\c@parentequation=\count197
\dspbrk@lvl=\count198
\tag@help=\toks15
\row@=\count199
\column@=\count266
\maxfields@=\count267
\andhelp@=\toks16
\eqnshift@=\dimen149
\alignsep@=\dimen150
\tagshift@=\dimen151
\tagwidth@=\dimen152
\totwidth@=\dimen153
\lineht@=\dimen154
\@envbody=\toks17
\multlinegap=\skip54
\multlinetaggap=\skip55
\mathdisplay@stack=\toks18
LaTeX Info: Redefining \[ on input line 2859.
LaTeX Info: Redefining \] on input line 2860.
) (/usr/share/texlive/texmf-dist/tex/latex/graphics/graphicx.sty
Package: graphicx 2019/11/30 v1.2a Enhanced LaTeX Graphics (DPC,SPQR)
 (/usr/share/texlive/texmf-dist/tex/latex/graphics/keyval.sty
Package: keyval 2014/10/28 v1.15 key=value parser (DPC)
\KV@toks@=\toks19
) (/usr/share/texlive/texmf-dist/tex/latex/graphics/graphics.sty
Package: graphics 2019/11/30 v1.4a Standard LaTeX Graphics (DPC,SPQR)
 (/usr/share/texlive/texmf-dist/tex/latex/graphics/trig.sty
Package: trig 2016/01/03 v1.10 sin cos tan (DPC)
) (/usr/share/texlive/texmf-dist/tex/latex/graphics-cfg/graphics.cfg
File: graphics.cfg 2016/06/04 v1.11 sample graphics configuration
)
Package graphics Info: Driver file: pdftex.def on input line 105.
)
\Gin@req@height=\dimen155
\Gin@req@width=\dimen156
) (/usr/share/texlive/texmf-dist/tex/latex/booktabs/booktabs.sty
Package: booktabs 2020/01/12 v1.61803398 Publication quality tables
\heavyrulewidth=\dimen157
\lightrulewidth=\dimen158
\cmidrulewidth=\dimen159
\belowrulesep=\dimen160
\belowbottomsep=\dimen161
\aboverulesep=\dimen162
\abovetopsep=\dimen163
\cmidrulesep=\dimen164
\cmidrulekern=\dimen165
\defaultaddspace=\dimen166
\@cmidla=\count268
\@cmidlb=\count269
\@aboverulesep=\dimen167
\@belowrulesep=\dimen168
\@thisruleclass=\count270
\@lastruleclass=\count271
\@thisrulewidth=\dimen169
) (/usr/share/texlive/texmf-dist/tex/latex/caption/caption.sty
Package: caption 2020/01/03 v3.4h Customizing captions (AR)
 (/usr/share/texlive/texmf-dist/tex/latex/caption/caption3.sty
Package: caption3 2020/01/03 v1.8h caption3 kernel (AR)
Package caption3 Info: TeX engine: e-TeX on input line 61.
\captionmargin=\dimen170
\captionmargin@=\dimen171
\captionwidth=\dimen172
\caption@tempdima=\dimen173
\caption@indent=\dimen174
\caption@parindent=\dimen175
\caption@hangindent=\dimen176
Package caption Info: Standard document class detected.
)
\c@caption@flags=\count272
\c@continuedfloat=\count273
) (/usr/share/texlive/texmf-dist/tex/latex/amsfonts/amsfonts.sty
Package: amsfonts 2013/01/14 v3.01 Basic AMSFonts support
\symAMSa=\mathgroup4
\symAMSb=\mathgroup5
LaTeX Font Info:    Redeclaring math symbol \hbar on input line 98.
LaTeX Font Info:    Overwriting math alphabet `\mathfrak' in version `bold'
(Font)                  U/euf/m/n --> U/euf/b/n on input line 106.
) (/usr/share/texlive/texmf-dist/tex/latex/amscls/amsthm.sty
Package: amsthm 2017/10/31 v2.20.4
\thm@style=\toks20
\thm@bodyfont=\toks21
\thm@headfont=\toks22
\thm@notefont=\toks23
\thm@headpunct=\toks24
\thm@preskip=\skip56
\thm@postskip=\skip57
\thm@headsep=\skip58
\dth@everypar=\toks25
) (/usr/share/texlive/texmf-dist/tex/latex/amsfonts/amssymb.sty
Package: amssymb 2013/01/14 v3.01 AMS font symbols
) (/usr/share/texlive/texmf-dist/tex/latex/wrapfig/wrapfig.sty
\wrapoverhang=\dimen177
\WF@size=\dimen178
\c@WF@wrappedlines=\count274
\WF@box=\box93
\WF@everypar=\toks26
Package: wrapfig 2003/01/31  v 3.6
) (/usr/share/texlive/texmf-dist/tex/latex/comment/comment.sty
\CommentStream=\write4
 Excluding comment 'comment') (/usr/share/texlive/texmf-dist/tex/latex/wasysym/wasysym.sty
Package: wasysym 2020/01/19 v2.4 Wasy-2 symbol support package
\symwasy=\mathgroup6
LaTeX Font Info:    Overwriting symbol font `wasy' in version `bold'
(Font)                  U/wasy/m/n --> U/wasy/b/n on input line 93.
) (/usr/share/texlive/texmf-dist/tex/latex/base/fontenc.sty
Package: fontenc 2020/02/11 v2.0o Standard LaTeX package
LaTeX Font Info:    Trying to load font information for T1+ptm on input line 112.
 (/usr/share/texlive/texmf-dist/tex/latex/psnfss/t1ptm.fd
File: t1ptm.fd 2001/06/04 font definitions for T1/ptm.
)) (/usr/share/texlive/texmf-dist/tex/latex/alegreya/AlegreyaSans.sty
Package: AlegreyaSans 2019/10/12 (Bob Tennent) Supports AlegreyaSans fonts for all LaTeX engines. 
 (/usr/share/texlive/texmf-dist/tex/generic/iftex/ifxetex.sty
Package: ifxetex 2019/10/25 v0.7 ifxetex legacy package. Use iftex instead.
 (/usr/share/texlive/texmf-dist/tex/generic/iftex/iftex.sty
Package: iftex 2019/11/07 v1.0c TeX engine tests
)) (/usr/share/texlive/texmf-dist/tex/generic/iftex/ifluatex.sty
Package: ifluatex 2019/10/25 v1.5 ifluatex legacy package. Use iftex instead.
) (/usr/share/texlive/texmf-dist/tex/latex/base/textcomp.sty
Package: textcomp 2020/02/02 v2.0n Standard LaTeX package
) (/usr/share/texlive/texmf-dist/tex/latex/xkeyval/xkeyval.sty
Package: xkeyval 2014/12/03 v2.7a package option processing (HA)
 (/usr/share/texlive/texmf-dist/tex/generic/xkeyval/xkeyval.tex (/usr/share/texlive/texmf-dist/tex/generic/xkeyval/xkvutils.tex
\XKV@toks=\toks27
\XKV@tempa@toks=\toks28
)
\XKV@depth=\count275
File: xkeyval.tex 2014/12/03 v2.7a key=value parser (HA)
)) (/usr/share/texlive/texmf-dist/tex/latex/base/fontenc.sty
Package: fontenc 2020/02/11 v2.0o Standard LaTeX package
) (/usr/share/texlive/texmf-dist/tex/latex/fontaxes/fontaxes.sty
Package: fontaxes 2014/03/23 v1.0d Font selection axes
LaTeX Info: Redefining \upshape on input line 29.
LaTeX Info: Redefining \itshape on input line 31.
LaTeX Info: Redefining \slshape on input line 33.
LaTeX Info: Redefining \swshape on input line 35.
LaTeX Info: Redefining \scshape on input line 37.
LaTeX Info: Redefining \sscshape on input line 39.
LaTeX Info: Redefining \ulcshape on input line 41.
LaTeX Info: Redefining \textsw on input line 47.
LaTeX Info: Redefining \textssc on input line 48.
LaTeX Info: Redefining \textulc on input line 49.
)) (/usr/share/texlive/texmf-dist/tex/latex/import/import.sty
Package: import 2009/03/23  v 5.1
)
(/usr/share/texlive/texmf-dist/tex/latex/tools/bm.sty
Package: bm 2019/07/24 v1.2d Bold Symbol Support (DPC/FMi)
\symboldoperators=\mathgroup7
\symboldletters=\mathgroup8
\symboldsymbols=\mathgroup9
\symboldwasy=\mathgroup10
LaTeX Font Info:    Redeclaring math alphabet \mathbf on input line 141.
LaTeX Info: Redefining \bm on input line 209.
) (/usr/share/texlive/texmf-dist/tex/latex/pdfpages/pdfpages.sty
Package: pdfpages 2020/01/28 v0.5q Insert pages of external PDF documents (AM)
 (/usr/share/texlive/texmf-dist/tex/latex/base/ifthen.sty
Package: ifthen 2014/09/29 v1.1c Standard LaTeX ifthen package (DPC)
) (/usr/share/texlive/texmf-dist/tex/latex/tools/calc.sty
Package: calc 2017/05/25 v4.3 Infix arithmetic (KKT,FJ)
\calc@Acount=\count276
\calc@Bcount=\count277
\calc@Adimen=\dimen179
\calc@Bdimen=\dimen180
\calc@Askip=\skip59
\calc@Bskip=\skip60
LaTeX Info: Redefining \setlength on input line 80.
LaTeX Info: Redefining \addtolength on input line 81.
\calc@Ccount=\count278
\calc@Cskip=\skip61
) (/usr/share/texlive/texmf-dist/tex/latex/eso-pic/eso-pic.sty
Package: eso-pic 2018/04/12 v2.0h eso-pic (RN)
 (/usr/share/texlive/texmf-dist/tex/generic/atbegshi/atbegshi.sty
Package: atbegshi 2019/12/05 v1.19 At begin shipout hook (HO)
 (/usr/share/texlive/texmf-dist/tex/generic/infwarerr/infwarerr.sty
Package: infwarerr 2019/12/03 v1.5 Providing info/warning/error messages (HO)
) (/usr/share/texlive/texmf-dist/tex/generic/ltxcmds/ltxcmds.sty
Package: ltxcmds 2019/12/15 v1.24 LaTeX kernel commands for general use (HO)
)))
\AM@pagewidth=\dimen181
\AM@pageheight=\dimen182
 (/usr/share/texlive/texmf-dist/tex/latex/pdfpages/pppdftex.def
File: pppdftex.def 2020/01/28 v0.5q Pdfpages driver for pdfTeX (AM)
)
\AM@pagebox=\box94
\AM@global@opts=\toks29
\AM@pagecnt=\count279
\AM@toc@title=\toks30
\c@AM@survey=\count280
\AM@templatesizebox=\box95
) (/usr/share/texlive/texmf-dist/tex/latex/transparent/transparent.sty
Package: transparent 2019/11/29 v1.4 Transparency via pdfTeX's color stack (HO)
 (/usr/share/texlive/texmf-dist/tex/latex/auxhook/auxhook.sty
Package: auxhook 2019-12-17 v1.6 Hooks for auxiliary files (HO)
)) (./statmacros.sty
\symmathx=\mathgroup11
   defining Unicode char U+0394 (decimal 916)
   defining Unicode char U+03B3 (decimal 947)
   defining Unicode char U+03A6 (decimal 934)
   defining Unicode char U+03BC (decimal 956)
   defining Unicode char U+03A3 (decimal 931)
   defining Unicode char U+03A5 (decimal 933)
   defining Unicode char U+0393 (decimal 915)
   defining Unicode char U+0398 (decimal 920)
   defining Unicode char U+03B1 (decimal 945)
   defining Unicode char U+03BD (decimal 957)
   defining Unicode char U+03D1 (decimal 977)
) (/usr/share/texlive/texmf-dist/tex/latex/l3backend/l3backend-pdfmode.def
File: l3backend-pdfmode.def 2020-02-03 L3 backend support: PDF mode
\l__kernel_color_stack_int=\count281
\l__pdf_internal_box=\box96
) (build/msmk.aux)
\openout1 = `msmk.aux'.

LaTeX Font Info:    Checking defaults for OML/cmm/m/it on input line 68.
LaTeX Font Info:    ... okay on input line 68.
LaTeX Font Info:    Checking defaults for OMS/cmsy/m/n on input line 68.
LaTeX Font Info:    ... okay on input line 68.
LaTeX Font Info:    Checking defaults for OT1/cmr/m/n on input line 68.
LaTeX Font Info:    ... okay on input line 68.
LaTeX Font Info:    Checking defaults for T1/cmr/m/n on input line 68.
LaTeX Font Info:    ... okay on input line 68.
LaTeX Font Info:    Checking defaults for TS1/cmr/m/n on input line 68.
LaTeX Font Info:    ... okay on input line 68.
LaTeX Font Info:    Checking defaults for OMX/cmex/m/n on input line 68.
LaTeX Font Info:    ... okay on input line 68.
LaTeX Font Info:    Checking defaults for U/cmr/m/n on input line 68.
LaTeX Font Info:    ... okay on input line 68.
LaTeX Font Info:    Trying to load font information for T1+AlegreyaSans-LF on input line 68.
 (/usr/share/texlive/texmf-dist/tex/latex/alegreya/T1AlegreyaSans-LF.fd
File: T1AlegreyaSans-LF.fd 2019/10/08 (autoinst) Font definitions for T1/AlegreyaSans-LF.
)
LaTeX Font Info:    Font shape `T1/AlegreyaSans-LF/m/n' in size <24.88> not available
(Font)              Font shape `T1/AlegreyaSans-LF/regular/n' tried instead on input line 68.
LaTeX Font Info:    Font shape `T1/AlegreyaSans-LF/regular/n' will be
(Font)              scaled to size 24.88pt on input line 68.
 (/usr/share/texlive/texmf-dist/tex/context/base/mkii/supp-pdf.mkii
[Loading MPS to PDF converter (version 2006.09.02).]
\scratchcounter=\count282
\scratchdimen=\dimen183
\scratchbox=\box97
\nofMPsegments=\count283
\nofMParguments=\count284
\everyMPshowfont=\toks31
\MPscratchCnt=\count285
\MPscratchDim=\dimen184
\MPnumerator=\count286
\makeMPintoPDFobject=\count287
\everyMPtoPDFconversion=\toks32
) (/usr/share/texlive/texmf-dist/tex/latex/epstopdf-pkg/epstopdf-base.sty
Package: epstopdf-base 2020-01-24 v2.11 Base part for package epstopdf
Package epstopdf-base Info: Redefining graphics rule for `.eps' on input line 485.
 (/usr/share/texlive/texmf-dist/tex/latex/latexconfig/epstopdf-sys.cfg
File: epstopdf-sys.cfg 2010/07/13 v1.3 Configuration of (r)epstopdf for TeX Live
))
Package caption Info: Begin \AtBeginDocument code.
Package caption Info: wrapfig package is loaded.
Package caption Info: End \AtBeginDocument code.
\c@mv@tabular=\count288
\c@mv@boldtabular=\count289
\AtBeginShipoutBox=\box98
 (/usr/share/texlive/texmf-dist/tex/latex/pdflscape/pdflscape.sty
Package: pdflscape 2019/12/05 v0.12 Display of landscape pages in PDF (HO)
 (/usr/share/texlive/texmf-dist/tex/latex/graphics/lscape.sty
Package: lscape 2000/10/22 v3.01 Landscape Pages (DPC)
)
Package pdflscape Info: Auto-detected driver: pdftex on input line 81.
)
LaTeX Font Info:    Font shape `T1/AlegreyaSans-LF/m/n' in size <51.6> not available
(Font)              Font shape `T1/AlegreyaSans-LF/regular/n' tried instead on input line 80.
LaTeX Font Info:    Font shape `T1/AlegreyaSans-LF/regular/n' will be
(Font)              scaled to size 51.6pt on input line 80.
LaTeX Font Info:    Font shape `T1/AlegreyaSans-LF/b/n' in size <51.6> not available
(Font)              Font shape `T1/AlegreyaSans-LF/bold/n' tried instead on input line 80.
LaTeX Font Info:    Font shape `T1/AlegreyaSans-LF/bold/n' will be
(Font)              scaled to size 51.6pt on input line 80.
LaTeX Font Info:    Font shape `T1/AlegreyaSans-LF/m/n' in size <35.83> not available
(Font)              Font shape `T1/AlegreyaSans-LF/regular/n' tried instead on input line 83.
LaTeX Font Info:    Font shape `T1/AlegreyaSans-LF/regular/n' will be
(Font)              scaled to size 35.83pt on input line 83.
LaTeX Font Info:    Font shape `T1/AlegreyaSans-LF/m/n' in size <29.86> not available
(Font)              Font shape `T1/AlegreyaSans-LF/regular/n' tried instead on input line 84.
LaTeX Font Info:    Font shape `T1/AlegreyaSans-LF/regular/n' will be
(Font)              scaled to size 29.86pt on input line 84.
LaTeX Font Info:    Trying to load font information for U+msa on input line 87.
 (/usr/share/texlive/texmf-dist/tex/latex/amsfonts/umsa.fd
File: umsa.fd 2013/01/14 v3.01 AMS symbols A
)
LaTeX Font Info:    Trying to load font information for U+msb on input line 87.
 (/usr/share/texlive/texmf-dist/tex/latex/amsfonts/umsb.fd
File: umsb.fd 2013/01/14 v3.01 AMS symbols B
)
LaTeX Font Info:    Trying to load font information for U+wasy on input line 87.
 (/usr/share/texlive/texmf-dist/tex/latex/wasysym/uwasy.fd
File: uwasy.fd 2020/01/19 v2.4 Wasy-2 symbol font definitions
)
<./figures/logo_unipd.png, id=1, 2309.62875pt x 1043.9pt>
File: ./figures/logo_unipd.png Graphic file (type png)
<use ./figures/logo_unipd.png>
Package pdftex.def Info: ./figures/logo_unipd.png  used on input line 90.
(pdftex.def)             Requested size: 461.91757pt x 208.77629pt.

Overfull \hbox (17.73679pt too wide) in paragraph at lines 79--92
[]$[]$ $[]$ 
 []

LaTeX Font Info:    Font shape `T1/AlegreyaSans-LF/b/n' in size <35.83> not available
(Font)              Font shape `T1/AlegreyaSans-LF/bold/n' tried instead on input line 105.
LaTeX Font Info:    Font shape `T1/AlegreyaSans-LF/bold/n' will be
(Font)              scaled to size 35.83pt on input line 105.
LaTeX Font Info:    Font shape `T1/AlegreyaSans-LF/b/n' in size <24.88> not available
(Font)              Font shape `T1/AlegreyaSans-LF/bold/n' tried instead on input line 108.
LaTeX Font Info:    Font shape `T1/AlegreyaSans-LF/bold/n' will be
(Font)              scaled to size 24.88pt on input line 108.
LaTeX Font Info:    Font shape `T1/AlegreyaSans-LF/b/sc' in size <24.88> not available
(Font)              Font shape `T1/AlegreyaSans-LF/bold/sc' tried instead on input line 125.
LaTeX Font Info:    Font shape `T1/AlegreyaSans-LF/bold/sc' will be
(Font)              scaled to size 24.88pt on input line 125.
LaTeX Font Info:    Font shape `T1/AlegreyaSans-LF/m/sc' in size <24.88> not available
(Font)              Font shape `T1/AlegreyaSans-LF/regular/sc' tried instead on input line 150.
LaTeX Font Info:    Font shape `T1/AlegreyaSans-LF/regular/sc' will be
(Font)              scaled to size 24.88pt on input line 150.
LaTeX Font Info:    Font shape `T1/AlegreyaSans-LF/b/n' in size <29.86> not available
(Font)              Font shape `T1/AlegreyaSans-LF/bold/n' tried instead on input line 160.
LaTeX Font Info:    Font shape `T1/AlegreyaSans-LF/bold/n' will be
(Font)              scaled to size 29.86pt on input line 160.
(./figures/bintree.pdf_tex
<./figures/bintree.pdf, id=2, page=1, 997.28064pt x 386.12117pt>
File: ./figures/bintree.pdf Graphic file (type pdf)
<use ./figures/bintree.pdf, page 1>
Package pdftex.def Info: ./figures/bintree.pdf , page1 used on input line 57.
(pdftex.def)             Requested size: 997.28064pt x 386.132pt.
<./figures/bintree.pdf, id=3, page=2, 997.28064pt x 386.12117pt>
File: ./figures/bintree.pdf Graphic file (type pdf)
<use ./figures/bintree.pdf, page 2>
Package pdftex.def Info: ./figures/bintree.pdf , page2 used on input line 69.
(pdftex.def)             Requested size: 997.28064pt x 386.132pt.
<./figures/bintree.pdf, id=4, page=3, 997.28064pt x 386.12117pt>
File: ./figures/bintree.pdf Graphic file (type pdf)
<use ./figures/bintree.pdf, page 3>
Package pdftex.def Info: ./figures/bintree.pdf , page3 used on input line 72.
(pdftex.def)             Requested size: 997.28064pt x 386.132pt.
<./figures/bintree.pdf, id=5, page=4, 997.28064pt x 386.12117pt>
File: ./figures/bintree.pdf Graphic file (type pdf)
<use ./figures/bintree.pdf, page 4>
Package pdftex.def Info: ./figures/bintree.pdf , page4 used on input line 76.
(pdftex.def)             Requested size: 997.28064pt x 386.132pt.
)
LaTeX Font Info:    Font shape `T1/AlegreyaSans-LF/m/n' in size <20.74> not available
(Font)              Font shape `T1/AlegreyaSans-LF/regular/n' tried instead on input line 182.
LaTeX Font Info:    Font shape `T1/AlegreyaSans-LF/regular/n' will be
(Font)              scaled to size 20.74pt on input line 182.
LaTeX Font Info:    Font shape `T1/AlegreyaSans-LF/b/n' in size <20.74> not available
(Font)              Font shape `T1/AlegreyaSans-LF/bold/n' tried instead on input line 182.
LaTeX Font Info:    Font shape `T1/AlegreyaSans-LF/bold/n' will be
(Font)              scaled to size 20.74pt on input line 182.
<figures/partition_2d_top2.png, id=6, 1128.46594pt x 339.51843pt>
File: figures/partition_2d_top2.png Graphic file (type png)
<use figures/partition_2d_top2.png>
Package pdftex.def Info: figures/partition_2d_top2.png  used on input line 218.
(pdftex.def)             Requested size: 1023.7802pt x 308.02455pt.
<figures/partition_2d_bot2.png, id=9, 1114.1625pt x 325.215pt>
File: figures/partition_2d_bot2.png Graphic file (type png)
<use figures/partition_2d_bot2.png>
Package pdftex.def Info: figures/partition_2d_bot2.png  used on input line 219.
(pdftex.def)             Requested size: 1023.7802pt x 298.83917pt.
LaTeX Font Info:    Font shape `T1/AlegreyaSans-LF/m/n' in size <14.4> not available
(Font)              Font shape `T1/AlegreyaSans-LF/regular/n' tried instead on input line 227.
LaTeX Font Info:    Font shape `T1/AlegreyaSans-LF/regular/n' will be
(Font)              scaled to size 14.4pt on input line 227.
LaTeX Font Info:    Trying to load font information for TS1+AlegreyaSans-LF on input line 240.
 (/usr/share/texlive/texmf-dist/tex/latex/alegreya/TS1AlegreyaSans-LF.fd
File: TS1AlegreyaSans-LF.fd 2019/10/08 (autoinst) Font definitions for TS1/AlegreyaSans-LF.
)
LaTeX Font Info:    Font shape `TS1/AlegreyaSans-LF/m/n' in size <24.88> not available
(Font)              Font shape `TS1/AlegreyaSans-LF/regular/n' tried instead on input line 240.
LaTeX Font Info:    Font shape `TS1/AlegreyaSans-LF/regular/n' will be
(Font)              scaled to size 24.88pt on input line 240.
LaTeX Font Info:    Font shape `T1/AlegreyaSans-LF/m/it' in size <24.88> not available
(Font)              Font shape `T1/AlegreyaSans-LF/regular/it' tried instead on input line 242.
LaTeX Font Info:    Font shape `T1/AlegreyaSans-LF/regular/it' will be
(Font)              scaled to size 24.88pt on input line 242.


Package natbib Warning: Citation `deio:etal' on page 1 undefined on input line 257.


Package natbib Warning: Citation `rodriguez:2011' on page 1 undefined on input line 257.

<./figures/risk1_37.pdf, id=11, 361.35pt x 650.43pt>
File: ./figures/risk1_37.pdf Graphic file (type pdf)
<use ./figures/risk1_37.pdf>
Package pdftex.def Info: ./figures/risk1_37.pdf  used on input line 262.
(pdftex.def)             Requested size: 341.24849pt x 614.25269pt.
<./figures/risk2_37.pdf, id=12, 361.35pt x 650.43pt>
File: ./figures/risk2_37.pdf Graphic file (type pdf)
<use ./figures/risk2_37.pdf>
Package pdftex.def Info: ./figures/risk2_37.pdf  used on input line 263.
(pdftex.def)             Requested size: 341.24849pt x 614.25269pt.
<./figures/risk3_37.pdf, id=13, 361.35pt x 650.43pt>
File: ./figures/risk3_37.pdf Graphic file (type pdf)
<use ./figures/risk3_37.pdf>
Package pdftex.def Info: ./figures/risk3_37.pdf  used on input line 264.
(pdftex.def)             Requested size: 341.24849pt x 614.25269pt.
<./figures/cpp_risk.pdf, id=14, 361.35pt x 361.35pt>
File: ./figures/cpp_risk.pdf Graphic file (type pdf)
<use ./figures/cpp_risk.pdf>
Package pdftex.def Info: ./figures/cpp_risk.pdf  used on input line 300.
(pdftex.def)             Requested size: 341.24849pt x 341.2515pt.
<./figures/cpp_bmd.pdf, id=15, 361.35pt x 361.35pt>
File: ./figures/cpp_bmd.pdf Graphic file (type pdf)
<use ./figures/cpp_bmd.pdf>
Package pdftex.def Info: ./figures/cpp_bmd.pdf  used on input line 304.
(pdftex.def)             Requested size: 341.24849pt x 341.2515pt.
LaTeX Font Info:    Font shape `T1/AlegreyaSans-LF/m/sc' in size <20.74> not available
(Font)              Font shape `T1/AlegreyaSans-LF/regular/sc' tried instead on input line 319.
LaTeX Font Info:    Font shape `T1/AlegreyaSans-LF/regular/sc' will be
(Font)              scaled to size 20.74pt on input line 319.
(build/msmk.bbl)
<./figures/biometrics.jpg, id=16, 308.65312pt x 308.65312pt>
File: ./figures/biometrics.jpg Graphic file (type jpg)
<use ./figures/biometrics.jpg>
Package pdftex.def Info: ./figures/biometrics.jpg  used on input line 335.
(pdftex.def)             Requested size: 277.78523pt x 277.78523pt.

Overfull \hbox (20.47359pt too wide) in paragraph at lines 327--337
[]$[]$ [] $[]$ 
 []


Package natbib Warning: There were undefined citations.

[1


Non-PDF special ignored!
<special> header=./a0header.ps
Non-PDF special ignored!
<special> papersize=83.96cm,118.82cm
{/var/lib/texmf/fonts/map/pdftex/updmap/pdftex.map} <./figures/partition_2d_top2.png> <./figures/partition_2d_bot2.png> <./figures/logo_unipd.png> <./figures/bintree.pdf> <./figures/bintree.pdf

pdfTeX warning: pdflatex (file ./figures/bintree.pdf): PDF inclusion: multiple pdfs with page group included in a single page
> <./figures/bintree.pdf

pdfTeX warning: pdflatex (file ./figures/bintree.pdf): PDF inclusion: multiple pdfs with page group included in a single page
> <./figures/bintree.pdf

pdfTeX warning: pdflatex (file ./figures/bintree.pdf): PDF inclusion: multiple pdfs with page group included in a single page
> <./figures/risk1_37.pdf> <./figures/risk2_37.pdf> <./figures/risk3_37.pdf> <./figures/cpp_risk.pdf> <./figures/cpp_bmd.pdf> <./figures/biometrics.jpg>] (build/msmk.aux) ) 
Here is how much of TeX's memory you used:
 7472 strings out of 481239
 115319 string characters out of 5920377
 400785 words of memory out of 5000000
 22546 multiletter control sequences out of 15000+600000
 773000 words of font info for 119 fonts, out of 8000000 for 9000
 1141 hyphenation exceptions out of 8191
 41i,13n,77p,392b,516s stack positions out of 5000i,500n,10000p,200000b,80000s
{/usr/share/texlive/texmf-dist/fonts/enc/dvips/alegreya/algr_jfvu45.enc}{/usr/share/texlive/texmf-dist/fonts/enc/dvips/alegreya/algr_nwaz6g.enc}{/usr/share/texlive/texmf-dist/fonts/enc/dvips/alegreya/algr_tf5zvx.enc}</usr/share/texlive/texmf-dist/fonts/type1/huerta/alegreya/AlegreyaSans-Bold.pfb></usr/share/texlive/texmf-dist/fonts/type1/huerta/alegreya/AlegreyaSans-Italic.pfb></usr/share/texlive/texmf-dist/fonts/type1/huerta/alegreya/AlegreyaSans-Regular.pfb></usr/share/texlive/texmf-dist/fonts/type1/public/amsfonts/cm/cmex10.pfb></usr/share/texlive/texmf-dist/fonts/type1/public/amsfonts/cm/cmmi12.pfb></usr/share/texlive/texmf-dist/fonts/type1/public/amsfonts/cm/cmmib10.pfb></usr/share/texlive/texmf-dist/fonts/type1/public/amsfonts/cm/cmr12.pfb></usr/share/texlive/texmf-dist/fonts/type1/public/amsfonts/cm/cmr17.pfb></usr/share/texlive/texmf-dist/fonts/type1/public/amsfonts/cm/cmsy10.pfb></usr/share/texlive/texmf-dist/fonts/type1/public/amsfonts/symbols/msbm10.pfb></usr/share/texlive/texmf-dist/fonts/type1/public/wasy-type1/wasy10.pfb>
Output written on build/msmk.pdf (1 page, 506835 bytes).
PDF statistics:
 129 PDF objects out of 1000 (max. 8388607)
 90 compressed objects within 1 object stream
 0 named destinations out of 1000 (max. 500000)
 78 words of extra memory for PDF output out of 10000 (max. 10000000)

